[01-Oct-2018 16:24:36 UTC] PHP Fatal error:  Uncaught Error: Call to undefined function get_header() in /app/public/index.php:15
Stack trace:
#0 {main}
  thrown in /app/public/index.php on line 15
[01-Oct-2018 16:24:36 UTC] PHP Fatal error:  Uncaught Error: Call to undefined function get_header() in /app/public/index.php:15
Stack trace:
#0 {main}
  thrown in /app/public/index.php on line 15
[01-Oct-2018 16:24:36 UTC] PHP Fatal error:  Uncaught Error: Call to undefined function get_header() in /app/public/index.php:15
Stack trace:
#0 {main}
  thrown in /app/public/index.php on line 15
[01-Oct-2018 16:24:45 UTC] PHP Fatal error:  Uncaught Error: Call to undefined function get_header() in /app/public/index.php:15
Stack trace:
#0 {main}
  thrown in /app/public/index.php on line 15
[01-Oct-2018 16:24:45 UTC] PHP Fatal error:  Uncaught Error: Call to undefined function get_header() in /app/public/index.php:15
Stack trace:
#0 {main}
  thrown in /app/public/index.php on line 15
[31-Oct-2018 18:42:49 UTC] PHP Warning:  Use of undefined constant numberposts - assumed 'numberposts' (this will throw an Error in a future version of PHP) in /app/public/wp-content/themes/inkmango/home.php on line 16
[31-Oct-2018 18:42:49 UTC] PHP Fatal error:  Uncaught Error: Cannot use object of type WP_Tax_Query as array in /app/public/wp-content/themes/inkmango/home.php:28
Stack trace:
#0 /app/public/wp-includes/template-loader.php(74): include()
#1 /app/public/wp-blog-header.php(19): require_once('/app/public/wp-...')
#2 /app/public/index.php(17): require('/app/public/wp-...')
#3 {main}
  thrown in /app/public/wp-content/themes/inkmango/home.php on line 28
[31-Oct-2018 18:43:35 UTC] PHP Fatal error:  Uncaught Error: Cannot use object of type WP_Tax_Query as array in /app/public/wp-content/themes/inkmango/home.php:28
Stack trace:
#0 /app/public/wp-includes/template-loader.php(74): include()
#1 /app/public/wp-blog-header.php(19): require_once('/app/public/wp-...')
#2 /app/public/index.php(17): require('/app/public/wp-...')
#3 {main}
  thrown in /app/public/wp-content/themes/inkmango/home.php on line 28
[31-Oct-2018 18:44:45 UTC] PHP Fatal error:  Uncaught Error: Cannot use object of type WP_Tax_Query as array in /app/public/wp-content/themes/inkmango/home.php:28
Stack trace:
#0 /app/public/wp-includes/template-loader.php(74): include()
#1 /app/public/wp-blog-header.php(19): require_once('/app/public/wp-...')
#2 /app/public/index.php(17): require('/app/public/wp-...')
#3 {main}
  thrown in /app/public/wp-content/themes/inkmango/home.php on line 28
[31-Oct-2018 18:44:48 UTC] PHP Fatal error:  Uncaught Error: Cannot use object of type WP_Tax_Query as array in /app/public/wp-content/themes/inkmango/home.php:28
Stack trace:
#0 /app/public/wp-includes/template-loader.php(74): include()
#1 /app/public/wp-blog-header.php(19): require_once('/app/public/wp-...')
#2 /app/public/index.php(17): require('/app/public/wp-...')
#3 {main}
  thrown in /app/public/wp-content/themes/inkmango/home.php on line 28
[31-Oct-2018 18:44:50 UTC] PHP Fatal error:  Uncaught Error: Cannot use object of type WP_Tax_Query as array in /app/public/wp-content/themes/inkmango/home.php:28
Stack trace:
#0 /app/public/wp-includes/template-loader.php(74): include()
#1 /app/public/wp-blog-header.php(19): require_once('/app/public/wp-...')
#2 /app/public/index.php(17): require('/app/public/wp-...')
#3 {main}
  thrown in /app/public/wp-content/themes/inkmango/home.php on line 28
[31-Oct-2018 18:47:00 UTC] PHP Fatal error:  Uncaught Error: Cannot use object of type WP_Query as array in /app/public/wp-content/themes/inkmango/home.php:27
Stack trace:
#0 /app/public/wp-includes/template-loader.php(74): include()
#1 /app/public/wp-blog-header.php(19): require_once('/app/public/wp-...')
#2 /app/public/index.php(17): require('/app/public/wp-...')
#3 {main}
  thrown in /app/public/wp-content/themes/inkmango/home.php on line 27
[31-Oct-2018 18:47:03 UTC] PHP Fatal error:  Uncaught Error: Cannot use object of type WP_Query as array in /app/public/wp-content/themes/inkmango/home.php:27
Stack trace:
#0 /app/public/wp-includes/template-loader.php(74): include()
#1 /app/public/wp-blog-header.php(19): require_once('/app/public/wp-...')
#2 /app/public/index.php(17): require('/app/public/wp-...')
#3 {main}
  thrown in /app/public/wp-content/themes/inkmango/home.php on line 27
[31-Oct-2018 18:47:12 UTC] PHP Fatal error:  Uncaught Error: Cannot use object of type WP_Tax_Query as array in /app/public/wp-content/themes/inkmango/home.php:28
Stack trace:
#0 /app/public/wp-includes/template-loader.php(74): include()
#1 /app/public/wp-blog-header.php(19): require_once('/app/public/wp-...')
#2 /app/public/index.php(17): require('/app/public/wp-...')
#3 {main}
  thrown in /app/public/wp-content/themes/inkmango/home.php on line 28
[31-Oct-2018 18:48:24 UTC] PHP Parse error:  syntax error, unexpected end of file in /app/public/wp-content/themes/inkmango/home.php on line 64
[31-Oct-2018 18:51:41 UTC] PHP Parse error:  syntax error, unexpected end of file in /app/public/wp-content/themes/inkmango/home.php on line 56
[31-Oct-2018 18:52:06 UTC] PHP Parse error:  syntax error, unexpected end of file in /app/public/wp-content/themes/inkmango/home.php on line 65
[31-Oct-2018 18:53:22 UTC] PHP Parse error:  syntax error, unexpected end of file in /app/public/wp-content/themes/inkmango/home.php on line 65
[31-Oct-2018 19:01:44 UTC] PHP Fatal error:  Uncaught Error: Cannot use object of type WP_Tax_Query as array in /app/public/wp-content/themes/inkmango/home.php:28
Stack trace:
#0 /app/public/wp-includes/template-loader.php(74): include()
#1 /app/public/wp-blog-header.php(19): require_once('/app/public/wp-...')
#2 /app/public/index.php(17): require('/app/public/wp-...')
#3 {main}
  thrown in /app/public/wp-content/themes/inkmango/home.php on line 28
[31-Oct-2018 19:03:28 UTC] PHP Fatal error:  Uncaught Error: Cannot use object of type WP_Tax_Query as array in /app/public/wp-content/themes/inkmango/home.php:28
Stack trace:
#0 /app/public/wp-includes/template-loader.php(74): include()
#1 /app/public/wp-blog-header.php(19): require_once('/app/public/wp-...')
#2 /app/public/index.php(17): require('/app/public/wp-...')
#3 {main}
  thrown in /app/public/wp-content/themes/inkmango/home.php on line 28
[31-Oct-2018 19:03:34 UTC] PHP Fatal error:  Uncaught Error: Cannot use object of type WP_Tax_Query as array in /app/public/wp-content/themes/inkmango/home.php:28
Stack trace:
#0 /app/public/wp-includes/template-loader.php(74): include()
#1 /app/public/wp-blog-header.php(19): require_once('/app/public/wp-...')
#2 /app/public/index.php(17): require('/app/public/wp-...')
#3 {main}
  thrown in /app/public/wp-content/themes/inkmango/home.php on line 28
[31-Oct-2018 19:03:37 UTC] PHP Fatal error:  Uncaught Error: Cannot use object of type WP_Tax_Query as array in /app/public/wp-content/themes/inkmango/home.php:28
Stack trace:
#0 /app/public/wp-includes/template-loader.php(74): include()
#1 /app/public/wp-blog-header.php(19): require_once('/app/public/wp-...')
#2 /app/public/index.php(17): require('/app/public/wp-...')
#3 {main}
  thrown in /app/public/wp-content/themes/inkmango/home.php on line 28
[31-Oct-2018 19:04:28 UTC] PHP Fatal error:  Uncaught Error: Function name must be a string in /app/public/wp-content/themes/inkmango/home.php:26
Stack trace:
#0 /app/public/wp-includes/template-loader.php(74): include()
#1 /app/public/wp-blog-header.php(19): require_once('/app/public/wp-...')
#2 /app/public/index.php(17): require('/app/public/wp-...')
#3 {main}
  thrown in /app/public/wp-content/themes/inkmango/home.php on line 26
[31-Oct-2018 19:04:48 UTC] PHP Fatal error:  Uncaught Error: Call to undefined function featured_post() in /app/public/wp-content/themes/inkmango/home.php:26
Stack trace:
#0 /app/public/wp-includes/template-loader.php(74): include()
#1 /app/public/wp-blog-header.php(19): require_once('/app/public/wp-...')
#2 /app/public/index.php(17): require('/app/public/wp-...')
#3 {main}
  thrown in /app/public/wp-content/themes/inkmango/home.php on line 26
[31-Oct-2018 19:05:32 UTC] PHP Fatal error:  Uncaught Error: Cannot use object of type WP_Post as array in /app/public/wp-content/themes/inkmango/home.php:28
Stack trace:
#0 /app/public/wp-includes/template-loader.php(74): include()
#1 /app/public/wp-blog-header.php(19): require_once('/app/public/wp-...')
#2 /app/public/index.php(17): require('/app/public/wp-...')
#3 {main}
  thrown in /app/public/wp-content/themes/inkmango/home.php on line 28
[31-Oct-2018 19:07:02 UTC] PHP Fatal error:  Uncaught Error: Call to undefined function get_featured_posts() in /app/public/wp-content/themes/inkmango/home.php:26
Stack trace:
#0 /app/public/wp-includes/template-loader.php(74): include()
#1 /app/public/wp-blog-header.php(19): require_once('/app/public/wp-...')
#2 /app/public/index.php(17): require('/app/public/wp-...')
#3 {main}
  thrown in /app/public/wp-content/themes/inkmango/home.php on line 26
[31-Oct-2018 19:08:01 UTC] PHP Fatal error:  Uncaught Error: Cannot use object of type WP_Post as array in /app/public/wp-content/themes/inkmango/home.php:28
Stack trace:
#0 /app/public/wp-includes/template-loader.php(74): include()
#1 /app/public/wp-blog-header.php(19): require_once('/app/public/wp-...')
#2 /app/public/index.php(17): require('/app/public/wp-...')
#3 {main}
  thrown in /app/public/wp-content/themes/inkmango/home.php on line 28
